Installing dependencies...
Using apt to install dependencies...
Updating apt package index...
Hit:1 http://archive.ubuntu.com/ubuntu noble InRelease
Get:2 http://security.ubuntu.com/ubuntu noble-security InRelease [126 kB]
Get:3 http://archive.ubuntu.com/ubuntu noble-updates InRelease [126 kB]
Get:4 http://security.ubuntu.com/ubuntu noble-security/main amd64 Components [9,004 B]
Get:5 http://archive.ubuntu.com/ubuntu noble-backports InRelease [126 kB]
Get:6 http://security.ubuntu.com/ubuntu noble-security/restricted amd64 Components [212 B]
Get:7 http://security.ubuntu.com/ubuntu noble-security/universe amd64 Components [52.0 kB]
Get:8 http://security.ubuntu.com/ubuntu noble-security/multiverse amd64 Components [212 B]
Get:9 http://archive.ubuntu.com/ubuntu noble-updates/main amd64 Components [151 kB]
Get:10 http://archive.ubuntu.com/ubuntu noble-updates/restricted amd64 Components [212 B]
Get:11 http://archive.ubuntu.com/ubuntu noble-updates/universe amd64 Components [364 kB]
Get:12 http://archive.ubuntu.com/ubuntu noble-updates/multiverse amd64 Components [940 B]
Get:13 http://archive.ubuntu.com/ubuntu noble-backports/main amd64 Components [7,072 B]
Get:14 http://archive.ubuntu.com/ubuntu noble-backports/restricted amd64 Components [216 B]
Get:15 http://archive.ubuntu.com/ubuntu noble-backports/universe amd64 Components [21.4 kB]
Get:16 http://archive.ubuntu.com/ubuntu noble-backports/multiverse amd64 Components [212 B]
Fetched 984 kB in 2s (441 kB/s)
Reading package lists...
Installing required dependencies...
Reading package lists...
Building dependency tree...
Reading state information...
apt-transport-https is already the newest version (2.7.14build2).
ca-certificates is already the newest version (20240203).
curl is already the newest version (8.5.0-2ubuntu10.6).
gpg is already the newest version (2.4.4-2ubuntu17).
0 upgraded, 0 newly installed, 0 to remove and 2 not upgraded.
Adding Kubernetes APT repository...
deb [signed-by=/etc/apt/keyrings/kubernetes-apt-keyring.gpg] https://pkgs.k8s.io/core:/stable:/v1.30/deb/ /
Dependencies installed successfully!
Installing dependencies...
Using apt to install dependencies...
Updating apt package index...
Hit:1 http://archive.ubuntu.com/ubuntu noble InRelease
Hit:2 http://security.ubuntu.com/ubuntu noble-security InRelease
Get:3 http://archive.ubuntu.com/ubuntu noble-updates InRelease [126 kB]
Hit:5 http://archive.ubuntu.com/ubuntu noble-backports InRelease
Get:4 https://prod-cdn.packages.k8s.io/repositories/isv:/kubernetes:/core:/stable:/v1.30/deb  InRelease [1,189 B]
Get:6 https://prod-cdn.packages.k8s.io/repositories/isv:/kubernetes:/core:/stable:/v1.30/deb  Packages [16.6 kB]
Fetched 144 kB in 2s (95.1 kB/s)
Reading package lists...
Installing required dependencies...
Reading package lists...
Building dependency tree...
Reading state information...
apt-transport-https is already the newest version (2.7.14build2).
ca-certificates is already the newest version (20240203).
curl is already the newest version (8.5.0-2ubuntu10.6).
gpg is already the newest version (2.4.4-2ubuntu17).
0 upgraded, 0 newly installed, 0 to remove and 2 not upgraded.
Adding Kubernetes APT repository...
deb [signed-by=/etc/apt/keyrings/kubernetes-apt-keyring.gpg] https://pkgs.k8s.io/core:/stable:/v1.30/deb/ /
Dependencies installed successfully!
Installing dependencies...
Using apt to install dependencies...
Updating apt package index...
Hit:1 http://archive.ubuntu.com/ubuntu noble InRelease
Hit:2 http://archive.ubuntu.com/ubuntu noble-updates InRelease
Hit:3 http://archive.ubuntu.com/ubuntu noble-backports InRelease
Hit:4 http://security.ubuntu.com/ubuntu noble-security InRelease
Hit:5 https://prod-cdn.packages.k8s.io/repositories/isv:/kubernetes:/core:/stable:/v1.30/deb  InRelease
Reading package lists...
Installing required dependencies...
Reading package lists...
Building dependency tree...
Reading state information...
apt-transport-https is already the newest version (2.7.14build2).
ca-certificates is already the newest version (20240203).
curl is already the newest version (8.5.0-2ubuntu10.6).
gpg is already the newest version (2.4.4-2ubuntu17).
0 upgraded, 0 newly installed, 0 to remove and 2 not upgraded.
Adding Kubernetes APT repository...
deb [signed-by=/etc/apt/keyrings/kubernetes-apt-keyring.gpg] https://pkgs.k8s.io/core:/stable:/v1.30/deb/ /
Dependencies installed successfully!
Installing dependencies...
Using apt to install dependencies...
Updating apt package index...
Hit:1 http://archive.ubuntu.com/ubuntu noble InRelease
Hit:2 http://security.ubuntu.com/ubuntu noble-security InRelease
Hit:3 http://archive.ubuntu.com/ubuntu noble-updates InRelease
Hit:5 http://archive.ubuntu.com/ubuntu noble-backports InRelease
Hit:4 https://prod-cdn.packages.k8s.io/repositories/isv:/kubernetes:/core:/stable:/v1.30/deb  InRelease
Reading package lists...
Installing required dependencies...
Reading package lists...
Building dependency tree...
Reading state information...
apt-transport-https is already the newest version (2.7.14build2).
ca-certificates is already the newest version (20240203).
curl is already the newest version (8.5.0-2ubuntu10.6).
gpg is already the newest version (2.4.4-2ubuntu17).
0 upgraded, 0 newly installed, 0 to remove and 2 not upgraded.
Removing existing Kubernetes APT key...
Adding Kubernetes APT repository...
deb [signed-by=/etc/apt/keyrings/kubernetes-apt-keyring.gpg] https://pkgs.k8s.io/core:/stable:/v1.30/deb/ /
Dependencies installed successfully!
